<?xml version="1.0" encoding="UTF-8"?>
<!-- Generated by org.testng.reporters.JUnitXMLReporter -->
<testsuite hostname="Sandeeps-MacBook-Air.local" ignored="0" name="Hub Spot Regression Test Cases on Chrome" tests="13" failures="0" timestamp="25 Nov 2018 19:14:29 GMT" time="172.448" errors="0">
  <testcase name="createContactTest" time="7.116" classname="com.hubspot.qa.testcases.ContactsPageTest"/>
  <testcase name="createContactTest" time="8.235" classname="com.hubspot.qa.testcases.ContactsPageTest"/>
  <testcase name="createContactTest" time="7.564" classname="com.hubspot.qa.testcases.ContactsPageTest"/>
  <testcase name="createContactTest" time="7.209" classname="com.hubspot.qa.testcases.ContactsPageTest"/>
  <testcase name="createContactTest" time="7.794" classname="com.hubspot.qa.testcases.ContactsPageTest"/>
  <testcase name="verifyLoginPageTitleTest" time="0.022" classname="com.hubspot.qa.testcases.LoginPageTest"/>
  <testcase name="verifyHomePageTitleTest" time="4.279" classname="com.hubspot.qa.testcases.HomePageTest"/>
  <testcase name="verifyForgotPassowrdLinkTest" time="0.049" classname="com.hubspot.qa.testcases.LoginPageTest"/>
  <testcase name="verifyHomePageHeaderTest" time="5.402" classname="com.hubspot.qa.testcases.HomePageTest"/>
  <testcase name="verifySignUpLinkTest" time="0.048" classname="com.hubspot.qa.testcases.LoginPageTest"/>
  <testcase name="verifyCorrectLoggedInAccountNameTest" time="3.904" classname="com.hubspot.qa.testcases.HomePageTest"/>
  <testcase name="loginTest" time="0.76" classname="com.hubspot.qa.testcases.LoginPageTest"/>
  <testcase name="goToContactsPageTest" time="7.674" classname="com.hubspot.qa.testcases.HomePageTest"/>
</testsuite> <!-- Hub Spot Regression Test Cases on Chrome -->
