<?xml version="1.0" encoding="UTF-8"?>
<testng-results skipped="0" failed="0" ignored="0" total="13" passed="13">
  <reporter-output>
  </reporter-output>
  <suite name="HubSpot Test Automation Suite" duration-ms="172448" started-at="2018-11-25T19:11:36Z" finished-at="2018-11-25T19:14:28Z">
    <groups>
    </groups>
    <test name="Hub Spot Regression Test Cases on Chrome" duration-ms="172448" started-at="2018-11-25T19:11:36Z" finished-at="2018-11-25T19:14:28Z">
      <class name="com.hubspot.qa.testcases.ContactsPageTest">
        <test-method status="PASS" signature="setUp(java.lang.String)[pri:0, instance:com.hubspot.qa.testcases.ContactsPageTest@66a3ffec]" name="setUp" is-config="true" duration-ms="16000" started-at="2018-11-25T19:11:37Z" finished-at="2018-11-25T19:11:53Z">
          <params>
            <param index="0">
              <value>
                <![CDATA[chrome]]>
              </value>
            </param>
          </params>
          <reporter-output>
          </reporter-output>
        </test-method> <!-- setUp -->
        <test-method status="PASS" signature="createContactTest(java.lang.String, java.lang.String, java.lang.String, java.lang.String)[pri:0, instance:com.hubspot.qa.testcases.ContactsPageTest@66a3ffec]" name="createContactTest" duration-ms="7116" started-at="2018-11-25T19:11:53Z" data-provider="getContactsTestData" finished-at="2018-11-25T19:12:00Z">
          <params>
            <param index="0">
              <value>
                <![CDATA[shuwaib4@gmail.com]]>
              </value>
            </param>
            <param index="1">
              <value>
                <![CDATA[shuwaib]]>
              </value>
            </param>
            <param index="2">
              <value>
                <![CDATA[Test1]]>
              </value>
            </param>
            <param index="3">
              <value>
                <![CDATA[QA Lead]]>
              </value>
            </param>
          </params>
          <reporter-output>
          </reporter-output>
        </test-method> <!-- createContactTest -->
        <test-method status="PASS" signature="tearDown()[pri:0, instance:com.hubspot.qa.testcases.ContactsPageTest@66a3ffec]" name="tearDown" is-config="true" duration-ms="188" started-at="2018-11-25T19:12:00Z" finished-at="2018-11-25T19:12:00Z">
          <reporter-output>
          </reporter-output>
        </test-method> <!-- tearDown -->
        <test-method status="PASS" signature="setUp(java.lang.String)[pri:0, instance:com.hubspot.qa.testcases.ContactsPageTest@66a3ffec]" name="setUp" is-config="true" duration-ms="13384" started-at="2018-11-25T19:12:00Z" finished-at="2018-11-25T19:12:13Z">
          <params>
            <param index="0">
              <value>
                <![CDATA[chrome]]>
              </value>
            </param>
          </params>
          <reporter-output>
          </reporter-output>
        </test-method> <!-- setUp -->
        <test-method status="PASS" signature="createContactTest(java.lang.String, java.lang.String, java.lang.String, java.lang.String)[pri:0, instance:com.hubspot.qa.testcases.ContactsPageTest@66a3ffec]" name="createContactTest" duration-ms="8235" started-at="2018-11-25T19:12:13Z" data-provider="getContactsTestData" finished-at="2018-11-25T19:12:22Z">
          <params>
            <param index="0">
              <value>
                <![CDATA[sergey4@gmail.com]]>
              </value>
            </param>
            <param index="1">
              <value>
                <![CDATA[sergey]]>
              </value>
            </param>
            <param index="2">
              <value>
                <![CDATA[Test2]]>
              </value>
            </param>
            <param index="3">
              <value>
                <![CDATA[QA Manager]]>
              </value>
            </param>
          </params>
          <reporter-output>
          </reporter-output>
        </test-method> <!-- createContactTest -->
        <test-method status="PASS" signature="tearDown()[pri:0, instance:com.hubspot.qa.testcases.ContactsPageTest@66a3ffec]" name="tearDown" is-config="true" duration-ms="203" started-at="2018-11-25T19:12:22Z" finished-at="2018-11-25T19:12:22Z">
          <reporter-output>
          </reporter-output>
        </test-method> <!-- tearDown -->
        <test-method status="PASS" signature="setUp(java.lang.String)[pri:0, instance:com.hubspot.qa.testcases.ContactsPageTest@66a3ffec]" name="setUp" is-config="true" duration-ms="12871" started-at="2018-11-25T19:12:22Z" finished-at="2018-11-25T19:12:35Z">
          <params>
            <param index="0">
              <value>
                <![CDATA[chrome]]>
              </value>
            </param>
          </params>
          <reporter-output>
          </reporter-output>
        </test-method> <!-- setUp -->
        <test-method status="PASS" signature="createContactTest(java.lang.String, java.lang.String, java.lang.String, java.lang.String)[pri:0, instance:com.hubspot.qa.testcases.ContactsPageTest@66a3ffec]" name="createContactTest" duration-ms="7564" started-at="2018-11-25T19:12:35Z" data-provider="getContactsTestData" finished-at="2018-11-25T19:12:42Z">
          <params>
            <param index="0">
              <value>
                <![CDATA[Ranjit4@gmail.com]]>
              </value>
            </param>
            <param index="1">
              <value>
                <![CDATA[ranjith]]>
              </value>
            </param>
            <param index="2">
              <value>
                <![CDATA[Test3]]>
              </value>
            </param>
            <param index="3">
              <value>
                <![CDATA[SDET1]]>
              </value>
            </param>
          </params>
          <reporter-output>
          </reporter-output>
        </test-method> <!-- createContactTest -->
        <test-method status="PASS" signature="tearDown()[pri:0, instance:com.hubspot.qa.testcases.ContactsPageTest@66a3ffec]" name="tearDown" is-config="true" duration-ms="159" started-at="2018-11-25T19:12:42Z" finished-at="2018-11-25T19:12:42Z">
          <reporter-output>
          </reporter-output>
        </test-method> <!-- tearDown -->
        <test-method status="PASS" signature="setUp(java.lang.String)[pri:0, instance:com.hubspot.qa.testcases.ContactsPageTest@66a3ffec]" name="setUp" is-config="true" duration-ms="12917" started-at="2018-11-25T19:12:42Z" finished-at="2018-11-25T19:12:55Z">
          <params>
            <param index="0">
              <value>
                <![CDATA[chrome]]>
              </value>
            </param>
          </params>
          <reporter-output>
          </reporter-output>
        </test-method> <!-- setUp -->
        <test-method status="PASS" signature="createContactTest(java.lang.String, java.lang.String, java.lang.String, java.lang.String)[pri:0, instance:com.hubspot.qa.testcases.ContactsPageTest@66a3ffec]" name="createContactTest" duration-ms="7209" started-at="2018-11-25T19:12:55Z" data-provider="getContactsTestData" finished-at="2018-11-25T19:13:03Z">
          <params>
            <param index="0">
              <value>
                <![CDATA[rani4@gmail.com]]>
              </value>
            </param>
            <param index="1">
              <value>
                <![CDATA[Rani]]>
              </value>
            </param>
            <param index="2">
              <value>
                <![CDATA[Test4]]>
              </value>
            </param>
            <param index="3">
              <value>
                <![CDATA[QA Director]]>
              </value>
            </param>
          </params>
          <reporter-output>
          </reporter-output>
        </test-method> <!-- createContactTest -->
        <test-method status="PASS" signature="tearDown()[pri:0, instance:com.hubspot.qa.testcases.ContactsPageTest@66a3ffec]" name="tearDown" is-config="true" duration-ms="208" started-at="2018-11-25T19:13:03Z" finished-at="2018-11-25T19:13:03Z">
          <reporter-output>
          </reporter-output>
        </test-method> <!-- tearDown -->
        <test-method status="PASS" signature="setUp(java.lang.String)[pri:0, instance:com.hubspot.qa.testcases.ContactsPageTest@66a3ffec]" name="setUp" is-config="true" duration-ms="14787" started-at="2018-11-25T19:13:03Z" finished-at="2018-11-25T19:13:18Z">
          <params>
            <param index="0">
              <value>
                <![CDATA[chrome]]>
              </value>
            </param>
          </params>
          <reporter-output>
          </reporter-output>
        </test-method> <!-- setUp -->
        <test-method status="PASS" signature="createContactTest(java.lang.String, java.lang.String, java.lang.String, java.lang.String)[pri:0, instance:com.hubspot.qa.testcases.ContactsPageTest@66a3ffec]" name="createContactTest" duration-ms="7794" started-at="2018-11-25T19:13:18Z" data-provider="getContactsTestData" finished-at="2018-11-25T19:13:25Z">
          <params>
            <param index="0">
              <value>
                <![CDATA[ramakant4@gmail.com]]>
              </value>
            </param>
            <param index="1">
              <value>
                <![CDATA[ramakant]]>
              </value>
            </param>
            <param index="2">
              <value>
                <![CDATA[Test5]]>
              </value>
            </param>
            <param index="3">
              <value>
                <![CDATA[Eng Manager]]>
              </value>
            </param>
          </params>
          <reporter-output>
          </reporter-output>
        </test-method> <!-- createContactTest -->
        <test-method status="PASS" signature="tearDown()[pri:0, instance:com.hubspot.qa.testcases.ContactsPageTest@66a3ffec]" name="tearDown" is-config="true" duration-ms="177" started-at="2018-11-25T19:13:25Z" finished-at="2018-11-25T19:13:25Z">
          <reporter-output>
          </reporter-output>
        </test-method> <!-- tearDown -->
      </class> <!-- com.hubspot.qa.testcases.ContactsPageTest -->
      <class name="com.hubspot.qa.testcases.HomePageTest">
        <test-method status="PASS" signature="setUp(java.lang.String)[pri:0, instance:com.hubspot.qa.testcases.HomePageTest@3e6fa38a]" name="setUp" is-config="true" duration-ms="6524" started-at="2018-11-25T19:13:30Z" finished-at="2018-11-25T19:13:37Z">
          <params>
            <param index="0">
              <value>
                <![CDATA[chrome]]>
              </value>
            </param>
          </params>
          <reporter-output>
          </reporter-output>
        </test-method> <!-- setUp -->
        <test-method status="PASS" signature="verifyHomePageTitleTest()[pri:1, instance:com.hubspot.qa.testcases.HomePageTest@3e6fa38a]" name="verifyHomePageTitleTest" duration-ms="4279" started-at="2018-11-25T19:13:37Z" finished-at="2018-11-25T19:13:41Z">
          <reporter-output>
          </reporter-output>
        </test-method> <!-- verifyHomePageTitleTest -->
        <test-method status="PASS" signature="tearDown(org.testng.ITestResult)[pri:0, instance:com.hubspot.qa.testcases.HomePageTest@3e6fa38a]" name="tearDown" is-config="true" duration-ms="108" started-at="2018-11-25T19:13:41Z" finished-at="2018-11-25T19:13:41Z">
          <params>
            <param index="0">
              <value>
                <![CDATA[[TestResult name=verifyHomePageTitleTest status=SUCCESS method=HomePageTest.verifyHomePageTitleTest()[pri:1, instance:com.hubspot.qa.testcases.HomePageTest@3e6fa38a] output={null}]]]>
              </value>
            </param>
          </params>
          <reporter-output>
          </reporter-output>
        </test-method> <!-- tearDown -->
        <test-method status="PASS" signature="setUp(java.lang.String)[pri:0, instance:com.hubspot.qa.testcases.HomePageTest@3e6fa38a]" name="setUp" is-config="true" duration-ms="5020" started-at="2018-11-25T19:13:46Z" finished-at="2018-11-25T19:13:51Z">
          <params>
            <param index="0">
              <value>
                <![CDATA[chrome]]>
              </value>
            </param>
          </params>
          <reporter-output>
          </reporter-output>
        </test-method> <!-- setUp -->
        <test-method status="PASS" signature="verifyHomePageHeaderTest()[pri:2, instance:com.hubspot.qa.testcases.HomePageTest@3e6fa38a]" name="verifyHomePageHeaderTest" duration-ms="5402" started-at="2018-11-25T19:13:51Z" finished-at="2018-11-25T19:13:56Z">
          <reporter-output>
          </reporter-output>
        </test-method> <!-- verifyHomePageHeaderTest -->
        <test-method status="PASS" signature="tearDown(org.testng.ITestResult)[pri:0, instance:com.hubspot.qa.testcases.HomePageTest@3e6fa38a]" name="tearDown" is-config="true" duration-ms="136" started-at="2018-11-25T19:13:56Z" finished-at="2018-11-25T19:13:56Z">
          <params>
            <param index="0">
              <value>
                <![CDATA[[TestResult name=verifyHomePageHeaderTest status=SUCCESS method=HomePageTest.verifyHomePageHeaderTest()[pri:2, instance:com.hubspot.qa.testcases.HomePageTest@3e6fa38a] output={null}]]]>
              </value>
            </param>
          </params>
          <reporter-output>
          </reporter-output>
        </test-method> <!-- tearDown -->
        <test-method status="PASS" signature="setUp(java.lang.String)[pri:0, instance:com.hubspot.qa.testcases.HomePageTest@3e6fa38a]" name="setUp" is-config="true" duration-ms="5357" started-at="2018-11-25T19:14:01Z" finished-at="2018-11-25T19:14:07Z">
          <params>
            <param index="0">
              <value>
                <![CDATA[chrome]]>
              </value>
            </param>
          </params>
          <reporter-output>
          </reporter-output>
        </test-method> <!-- setUp -->
        <test-method status="PASS" signature="verifyCorrectLoggedInAccountNameTest()[pri:3, instance:com.hubspot.qa.testcases.HomePageTest@3e6fa38a]" name="verifyCorrectLoggedInAccountNameTest" duration-ms="3904" started-at="2018-11-25T19:14:07Z" finished-at="2018-11-25T19:14:11Z">
          <reporter-output>
          </reporter-output>
        </test-method> <!-- verifyCorrectLoggedInAccountNameTest -->
        <test-method status="PASS" signature="tearDown(org.testng.ITestResult)[pri:0, instance:com.hubspot.qa.testcases.HomePageTest@3e6fa38a]" name="tearDown" is-config="true" duration-ms="150" started-at="2018-11-25T19:14:11Z" finished-at="2018-11-25T19:14:11Z">
          <params>
            <param index="0">
              <value>
                <![CDATA[[TestResult name=verifyCorrectLoggedInAccountNameTest status=SUCCESS method=HomePageTest.verifyCorrectLoggedInAccountNameTest()[pri:3, instance:com.hubspot.qa.testcases.HomePageTest@3e6fa38a] output={null}]]]>
              </value>
            </param>
          </params>
          <reporter-output>
          </reporter-output>
        </test-method> <!-- tearDown -->
        <test-method status="PASS" signature="setUp(java.lang.String)[pri:0, instance:com.hubspot.qa.testcases.HomePageTest@3e6fa38a]" name="setUp" is-config="true" duration-ms="4994" started-at="2018-11-25T19:14:16Z" finished-at="2018-11-25T19:14:21Z">
          <params>
            <param index="0">
              <value>
                <![CDATA[chrome]]>
              </value>
            </param>
          </params>
          <reporter-output>
          </reporter-output>
        </test-method> <!-- setUp -->
        <test-method status="PASS" signature="goToContactsPageTest()[pri:4, instance:com.hubspot.qa.testcases.HomePageTest@3e6fa38a]" name="goToContactsPageTest" duration-ms="7674" started-at="2018-11-25T19:14:21Z" finished-at="2018-11-25T19:14:28Z">
          <reporter-output>
          </reporter-output>
        </test-method> <!-- goToContactsPageTest -->
        <test-method status="PASS" signature="tearDown(org.testng.ITestResult)[pri:0, instance:com.hubspot.qa.testcases.HomePageTest@3e6fa38a]" name="tearDown" is-config="true" duration-ms="156" started-at="2018-11-25T19:14:28Z" finished-at="2018-11-25T19:14:28Z">
          <params>
            <param index="0">
              <value>
                <![CDATA[[TestResult name=goToContactsPageTest status=SUCCESS method=HomePageTest.goToContactsPageTest()[pri:4, instance:com.hubspot.qa.testcases.HomePageTest@3e6fa38a] output={null}]]]>
              </value>
            </param>
          </params>
          <reporter-output>
          </reporter-output>
        </test-method> <!-- tearDown -->
      </class> <!-- com.hubspot.qa.testcases.HomePageTest -->
      <class name="com.hubspot.qa.testcases.LoginPageTest">
        <test-method status="PASS" signature="setUp(java.lang.String)[pri:0, instance:com.hubspot.qa.testcases.LoginPageTest@47c62251]" name="setUp" is-config="true" duration-ms="4443" started-at="2018-11-25T19:13:25Z" finished-at="2018-11-25T19:13:30Z">
          <params>
            <param index="0">
              <value>
                <![CDATA[chrome]]>
              </value>
            </param>
          </params>
          <reporter-output>
          </reporter-output>
        </test-method> <!-- setUp -->
        <test-method status="PASS" signature="verifyLoginPageTitleTest()[pri:1, instance:com.hubspot.qa.testcases.LoginPageTest@47c62251]" name="verifyLoginPageTitleTest" duration-ms="22" started-at="2018-11-25T19:13:30Z" finished-at="2018-11-25T19:13:30Z">
          <reporter-output>
          </reporter-output>
        </test-method> <!-- verifyLoginPageTitleTest -->
        <test-method status="PASS" signature="tearDown()[pri:0, instance:com.hubspot.qa.testcases.LoginPageTest@47c62251]" name="tearDown" is-config="true" duration-ms="114" started-at="2018-11-25T19:13:30Z" finished-at="2018-11-25T19:13:30Z">
          <reporter-output>
          </reporter-output>
        </test-method> <!-- tearDown -->
        <test-method status="PASS" signature="setUp(java.lang.String)[pri:0, instance:com.hubspot.qa.testcases.LoginPageTest@47c62251]" name="setUp" is-config="true" duration-ms="4507" started-at="2018-11-25T19:13:41Z" finished-at="2018-11-25T19:13:45Z">
          <params>
            <param index="0">
              <value>
                <![CDATA[chrome]]>
              </value>
            </param>
          </params>
          <reporter-output>
          </reporter-output>
        </test-method> <!-- setUp -->
        <test-method status="PASS" signature="verifyForgotPassowrdLinkTest()[pri:2, instance:com.hubspot.qa.testcases.LoginPageTest@47c62251]" name="verifyForgotPassowrdLinkTest" duration-ms="49" started-at="2018-11-25T19:13:45Z" finished-at="2018-11-25T19:13:46Z">
          <reporter-output>
          </reporter-output>
        </test-method> <!-- verifyForgotPassowrdLinkTest -->
        <test-method status="PASS" signature="tearDown()[pri:0, instance:com.hubspot.qa.testcases.LoginPageTest@47c62251]" name="tearDown" is-config="true" duration-ms="164" started-at="2018-11-25T19:13:46Z" finished-at="2018-11-25T19:13:46Z">
          <reporter-output>
          </reporter-output>
        </test-method> <!-- tearDown -->
        <test-method status="PASS" signature="setUp(java.lang.String)[pri:0, instance:com.hubspot.qa.testcases.LoginPageTest@47c62251]" name="setUp" is-config="true" duration-ms="4843" started-at="2018-11-25T19:13:56Z" finished-at="2018-11-25T19:14:01Z">
          <params>
            <param index="0">
              <value>
                <![CDATA[chrome]]>
              </value>
            </param>
          </params>
          <reporter-output>
          </reporter-output>
        </test-method> <!-- setUp -->
        <test-method status="PASS" signature="verifySignUpLinkTest()[pri:3, instance:com.hubspot.qa.testcases.LoginPageTest@47c62251]" name="verifySignUpLinkTest" duration-ms="48" started-at="2018-11-25T19:14:01Z" finished-at="2018-11-25T19:14:01Z">
          <reporter-output>
          </reporter-output>
        </test-method> <!-- verifySignUpLinkTest -->
        <test-method status="PASS" signature="tearDown()[pri:0, instance:com.hubspot.qa.testcases.LoginPageTest@47c62251]" name="tearDown" is-config="true" duration-ms="104" started-at="2018-11-25T19:14:01Z" finished-at="2018-11-25T19:14:01Z">
          <reporter-output>
          </reporter-output>
        </test-method> <!-- tearDown -->
        <test-method status="PASS" signature="setUp(java.lang.String)[pri:0, instance:com.hubspot.qa.testcases.LoginPageTest@47c62251]" name="setUp" is-config="true" duration-ms="4071" started-at="2018-11-25T19:14:11Z" finished-at="2018-11-25T19:14:15Z">
          <params>
            <param index="0">
              <value>
                <![CDATA[chrome]]>
              </value>
            </param>
          </params>
          <reporter-output>
          </reporter-output>
        </test-method> <!-- setUp -->
        <test-method status="PASS" signature="loginTest()[pri:4, instance:com.hubspot.qa.testcases.LoginPageTest@47c62251]" name="loginTest" duration-ms="760" started-at="2018-11-25T19:14:15Z" finished-at="2018-11-25T19:14:15Z">
          <reporter-output>
          </reporter-output>
        </test-method> <!-- loginTest -->
        <test-method status="PASS" signature="tearDown()[pri:0, instance:com.hubspot.qa.testcases.LoginPageTest@47c62251]" name="tearDown" is-config="true" duration-ms="124" started-at="2018-11-25T19:14:15Z" finished-at="2018-11-25T19:14:16Z">
          <reporter-output>
          </reporter-output>
        </test-method> <!-- tearDown -->
      </class> <!-- com.hubspot.qa.testcases.LoginPageTest -->
    </test> <!-- Hub Spot Regression Test Cases on Chrome -->
  </suite> <!-- HubSpot Test Automation Suite -->
</testng-results>
